<?xml version="1.0" encoding="UTF-8"?>
<testsuite xmlns:xsi="http://www.w3.org/2001/XMLSchema-instance" xsi:noNamespaceSchemaLocation="https://maven.apache.org/surefire/maven-surefire-plugin/xsd/surefire-test-report.xsd" version="3.0.2" name="com.juvenxu.mvnbook.account.email.AccountEmailServiceTest" time="5.6" tests="1" errors="0" skipped="0" failures="0">
  <properties>
[...]
</properties>
  <testcase name="testSendMail" classname="com.juvenxu.mvnbook.account.email.AccountEmailServiceTest" time="5.577">
    <system-out><![CDATA[23:51:34.788 [smtp:localhost:2500<-/127.0.0.1:50315] INFO com.icegreen.greenmail.user.UserManager -- Created user login test2@juvenxu.com for address test2@juvenxu.com with password test2@juvenxu.com because it didn't exist before.
]]></system-out>
  </testcase>
</testsuite>